<?xml version="1.0" encoding="UTF-8"?>
<coverage generated="1658250169895" clover="3.2.0">
  <project timestamp="1658250169896" name="All files">
    <metrics statements="42" coveredstatements="42" conditionals="0" coveredconditionals="0" methods="11" coveredmethods="11" elements="53" coveredelements="53" complexity="0" loc="42" ncloc="42" packages="1" files="2" classes="2"/>
    <file name="apiController.js" path="/home/fabiots/Área de Trabalho/pokemonApiFront/pokeApiFront/bff/src/main/gateways/http/apiController.js">
      <metrics statements="29" coveredstatements="29" conditionals="0" coveredconditionals="0" methods="5" coveredmethods="5"/>
      <line num="1" count="1" type="stmt"/>
      <line num="3" count="1" type="stmt"/>
      <line num="5" count="1" type="stmt"/>
      <line num="7" count="7" type="stmt"/>
      <line num="8" count="7" type="stmt"/>
      <line num="9" count="7" type="stmt"/>
      <line num="10" count="4" type="stmt"/>
      <line num="12" count="3" type="stmt"/>
      <line num="17" count="6" type="stmt"/>
      <line num="18" count="6" type="stmt"/>
      <line num="19" count="6" type="stmt"/>
      <line num="20" count="4" type="stmt"/>
      <line num="22" count="2" type="stmt"/>
      <line num="27" count="7" type="stmt"/>
      <line num="28" count="7" type="stmt"/>
      <line num="29" count="7" type="stmt"/>
      <line num="30" count="4" type="stmt"/>
      <line num="32" count="3" type="stmt"/>
      <line num="37" count="6" type="stmt"/>
      <line num="38" count="6" type="stmt"/>
      <line num="39" count="6" type="stmt"/>
      <line num="40" count="4" type="stmt"/>
      <line num="42" count="2" type="stmt"/>
      <line num="47" count="7" type="stmt"/>
      <line num="48" count="7" type="stmt"/>
      <line num="49" count="7" type="stmt"/>
      <line num="50" count="4" type="stmt"/>
      <line num="52" count="3" type="stmt"/>
      <line num="57" count="1" type="stmt"/>
    </file>
    <file name="router.js" path="/home/fabiots/Área de Trabalho/pokemonApiFront/pokeApiFront/bff/src/main/gateways/http/router.js">
      <metrics statements="13" coveredstatements="13" conditionals="0" coveredconditionals="0" methods="6" coveredmethods="6"/>
      <line num="1" count="1" type="stmt"/>
      <line num="3" count="1" type="stmt"/>
      <line num="4" count="5" type="stmt"/>
      <line num="5" count="1" type="stmt"/>
      <line num="8" count="5" type="stmt"/>
      <line num="9" count="1" type="stmt"/>
      <line num="12" count="5" type="stmt"/>
      <line num="13" count="1" type="stmt"/>
      <line num="16" count="5" type="stmt"/>
      <line num="17" count="1" type="stmt"/>
      <line num="20" count="5" type="stmt"/>
      <line num="21" count="1" type="stmt"/>
      <line num="24" count="5" type="stmt"/>
    </file>
  </project>
</coverage>
