TN:
SF:src/main/gateways/http/apiController.js
FN:6,(anonymous_0)
FN:16,(anonymous_1)
FN:26,(anonymous_2)
FN:36,(anonymous_3)
FN:46,(anonymous_4)
FNF:5
FNH:5
FNDA:7,(anonymous_0)
FNDA:6,(anonymous_1)
FNDA:7,(anonymous_2)
FNDA:6,(anonymous_3)
FNDA:7,(anonymous_4)
DA:1,1
DA:3,1
DA:5,1
DA:7,7
DA:8,7
DA:9,7
DA:10,4
DA:12,3
DA:17,6
DA:18,6
DA:19,6
DA:20,4
DA:22,2
DA:27,7
DA:28,7
DA:29,7
DA:30,4
DA:32,3
DA:37,6
DA:38,6
DA:39,6
DA:40,4
DA:42,2
DA:47,7
DA:48,7
DA:49,7
DA:50,4
DA:52,3
DA:57,1
LF:29
LH:29
BRF:0
BRH:0
end_of_record
TN:
SF:src/main/gateways/http/router.js
FN:3,(anonymous_0)
FN:4,(anonymous_1)
FN:8,(anonymous_2)
FN:12,(anonymous_3)
FN:16,(anonymous_4)
FN:20,(anonymous_5)
FNF:6
FNH:6
FNDA:5,(anonymous_0)
FNDA:1,(anonymous_1)
FNDA:1,(anonymous_2)
FNDA:1,(anonymous_3)
FNDA:1,(anonymous_4)
FNDA:1,(anonymous_5)
DA:1,1
DA:3,1
DA:4,5
DA:5,1
DA:8,5
DA:9,1
DA:12,5
DA:13,1
DA:16,5
DA:17,1
DA:20,5
DA:21,1
DA:24,5
LF:13
LH:13
BRF:0
BRH:0
end_of_record
