<?xml version="1.0" encoding="UTF-8"?>
<coverage generated="1658452088135" clover="3.2.0">
  <project timestamp="1658452088135" name="All files">
    <metrics statements="23" coveredstatements="13" conditionals="0" coveredconditionals="0" methods="5" coveredmethods="5" elements="28" coveredelements="18" complexity="0" loc="23" ncloc="23" packages="4" files="5" classes="5"/>
    <package name="components">
      <metrics statements="5" coveredstatements="5" conditionals="0" coveredconditionals="0" methods="0" coveredmethods="0"/>
      <file name="PokemonDetail.vue" path="/home/fabiots/Área de Trabalho/pokemonApiFront/pokeApiFront/client/src/components/PokemonDetail.vue">
        <metrics statements="4" coveredstatements="4" conditionals="0" coveredconditionals="0" methods="0" coveredmethods="0"/>
        <line num="85" count="1" type="stmt"/>
        <line num="86" count="1" type="stmt"/>
        <line num="87" count="1" type="stmt"/>
        <line num="88" count="1" type="stmt"/>
      </file>
      <file name="PokemonModalUpdate.vue" path="/home/fabiots/Área de Trabalho/pokemonApiFront/pokeApiFront/client/src/components/PokemonModalUpdate.vue">
        <metrics statements="1" coveredstatements="1" conditionals="0" coveredconditionals="0" methods="0" coveredmethods="0"/>
        <line num="67" count="1" type="stmt"/>
      </file>
    </package>
    <package name="gateways">
      <metrics statements="8" coveredstatements="8" conditionals="0" coveredconditionals="0" methods="5" coveredmethods="5"/>
      <file name="pokemon.gateway.js" path="/home/fabiots/Área de Trabalho/pokemonApiFront/pokeApiFront/client/src/gateways/pokemon.gateway.js">
        <metrics statements="8" coveredstatements="8" conditionals="0" coveredconditionals="0" methods="5" coveredmethods="5"/>
        <line num="3" count="1" type="stmt"/>
        <line num="4" count="1" type="stmt"/>
        <line num="6" count="1" type="stmt"/>
        <line num="8" count="1" type="stmt"/>
        <line num="11" count="1" type="stmt"/>
        <line num="14" count="1" type="stmt"/>
        <line num="17" count="1" type="stmt"/>
        <line num="20" count="1" type="stmt"/>
      </file>
    </package>
    <package name="plugins">
      <metrics statements="2" coveredstatements="0" conditionals="0" coveredconditionals="0" methods="0" coveredmethods="0"/>
      <file name="vuetify.js" path="/home/fabiots/Área de Trabalho/pokemonApiFront/pokeApiFront/client/src/plugins/vuetify.js">
        <metrics statements="2" coveredstatements="0" conditionals="0" coveredconditionals="0" methods="0" coveredmethods="0"/>
        <line num="4" count="0" type="stmt"/>
        <line num="6" count="0" type="stmt"/>
      </file>
    </package>
    <package name="views">
      <metrics statements="8" coveredstatements="0" conditionals="0" coveredconditionals="0" methods="0" coveredmethods="0"/>
      <file name="Pokedex.vue" path="/home/fabiots/Área de Trabalho/pokemonApiFront/pokeApiFront/client/src/views/Pokedex.vue">
        <metrics statements="8" coveredstatements="0" conditionals="0" coveredconditionals="0" methods="0" coveredmethods="0"/>
        <line num="49" count="0" type="stmt"/>
        <line num="50" count="0" type="stmt"/>
        <line num="51" count="0" type="stmt"/>
        <line num="52" count="0" type="stmt"/>
        <line num="53" count="0" type="stmt"/>
        <line num="54" count="0" type="stmt"/>
        <line num="55" count="0" type="stmt"/>
        <line num="56" count="0" type="stmt"/>
      </file>
    </package>
  </project>
</coverage>
