{"/home/fabiots/Área de Trabalho/pokemonApiFront/pokeApiFront/client/src/components/PokemonDetail.vue": {"path":"/home/fabiots/Área de Trabalho/pokemonApiFront/pokeApiFront/client/src/components/PokemonDetail.vue","statementMap":{"0":{"start":{"line":85,"column":0},"end":{"line":85,"column":null}},"1":{"start":{"line":86,"column":0},"end":{"line":86,"column":null}},"2":{"start":{"line":87,"column":0},"end":{"line":87,"column":null}},"3":{"start":{"line":88,"column":0},"end":{"line":88,"column":null}}},"fnMap":{},"branchMap":{},"s":{"0":1,"1":1,"2":1,"3":1},"f":{},"b":{}}
,"/home/fabiots/Área de Trabalho/pokemonApiFront/pokeApiFront/client/src/components/PokemonModalUpdate.vue": {"path":"/home/fabiots/Área de Trabalho/pokemonApiFront/pokeApiFront/client/src/components/PokemonModalUpdate.vue","statementMap":{"0":{"start":{"line":67,"column":0},"end":{"line":67,"column":null}}},"fnMap":{},"branchMap":{},"s":{"0":1},"f":{},"b":{}}
,"/home/fabiots/Área de Trabalho/pokemonApiFront/pokeApiFront/client/src/gateways/pokemon.gateway.js": {"path":"/home/fabiots/Área de Trabalho/pokemonApiFront/pokeApiFront/client/src/gateways/pokemon.gateway.js","statementMap":{"0":{"start":{"line":3,"column":12},"end":{"line":3,"column":44}},"1":{"start":{"line":4,"column":13},"end":{"line":4,"column":37}},"2":{"start":{"line":6,"column":23},"end":{"line":22,"column":1}},"3":{"start":{"line":8,"column":4},"end":{"line":8,"column":40}},"4":{"start":{"line":11,"column":4},"end":{"line":11,"column":51}},"5":{"start":{"line":14,"column":4},"end":{"line":14,"column":54}},"6":{"start":{"line":17,"column":4},"end":{"line":17,"column":53}},"7":{"start":{"line":20,"column":4},"end":{"line":20,"column":59}}},"fnMap":{"0":{"name":"(anonymous_0)","decl":{"start":{"line":7,"column":2},"end":{"line":7,"column":3}},"loc":{"start":{"line":7,"column":27},"end":{"line":9,"column":3}},"line":7},"1":{"name":"(anonymous_1)","decl":{"start":{"line":10,"column":2},"end":{"line":10,"column":3}},"loc":{"start":{"line":10,"column":30},"end":{"line":12,"column":3}},"line":10},"2":{"name":"(anonymous_2)","decl":{"start":{"line":13,"column":2},"end":{"line":13,"column":3}},"loc":{"start":{"line":13,"column":31},"end":{"line":15,"column":3}},"line":13},"3":{"name":"(anonymous_3)","decl":{"start":{"line":16,"column":2},"end":{"line":16,"column":3}},"loc":{"start":{"line":16,"column":26},"end":{"line":18,"column":3}},"line":16},"4":{"name":"(anonymous_4)","decl":{"start":{"line":19,"column":2},"end":{"line":19,"column":3}},"loc":{"start":{"line":19,"column":35},"end":{"line":21,"column":3}},"line":19}},"branchMap":{},"s":{"0":1,"1":1,"2":1,"3":1,"4":1,"5":1,"6":1,"7":1},"f":{"0":1,"1":1,"2":1,"3":1,"4":1},"b":{},"_coverageSchema":"1a1c01bbd47fc00a2c39e90264f33305004495a9","hash":"30def05d893627b1751cf0a45bb4fe8e2a4e1113"}
,"/home/fabiots/Área de Trabalho/pokemonApiFront/pokeApiFront/client/src/plugins/vuetify.js": {"path":"/home/fabiots/Área de Trabalho/pokemonApiFront/pokeApiFront/client/src/plugins/vuetify.js","statementMap":{"0":{"start":{"line":4,"column":0},"end":{"line":4,"column":16}},"1":{"start":{"line":6,"column":13},"end":{"line":6,"column":15}}},"fnMap":{},"branchMap":{},"s":{"0":0,"1":0},"f":{},"b":{}}
,"/home/fabiots/Área de Trabalho/pokemonApiFront/pokeApiFront/client/src/views/Pokedex.vue": {"path":"/home/fabiots/Área de Trabalho/pokemonApiFront/pokeApiFront/client/src/views/Pokedex.vue","statementMap":{"0":{"start":{"line":49,"column":0},"end":{"line":49,"column":null}},"1":{"start":{"line":50,"column":0},"end":{"line":50,"column":null}},"2":{"start":{"line":51,"column":0},"end":{"line":51,"column":null}},"3":{"start":{"line":52,"column":0},"end":{"line":52,"column":null}},"4":{"start":{"line":53,"column":0},"end":{"line":53,"column":null}},"5":{"start":{"line":54,"column":0},"end":{"line":54,"column":null}},"6":{"start":{"line":55,"column":0},"end":{"line":55,"column":null}},"7":{"start":{"line":56,"column":0},"end":{"line":56,"column":null}}},"fnMap":{},"branchMap":{},"s":{"0":0,"1":0,"2":0,"3":0,"4":0,"5":0,"6":0,"7":0},"f":{},"b":{}}
}
