TN:
SF:src/components/PokemonDetail.vue
FNF:0
FNH:0
DA:85,1
DA:86,1
DA:87,1
DA:88,1
LF:4
LH:4
BRF:0
BRH:0
end_of_record
TN:
SF:src/components/PokemonModalUpdate.vue
FNF:0
FNH:0
DA:67,1
LF:1
LH:1
BRF:0
BRH:0
end_of_record
TN:
SF:src/gateways/pokemon.gateway.js
FN:7,(anonymous_0)
FN:10,(anonymous_1)
FN:13,(anonymous_2)
FN:16,(anonymous_3)
FN:19,(anonymous_4)
FNF:5
FNH:5
FNDA:1,(anonymous_0)
FNDA:1,(anonymous_1)
FNDA:1,(anonymous_2)
FNDA:1,(anonymous_3)
FNDA:1,(anonymous_4)
DA:3,1
DA:4,1
DA:6,1
DA:8,1
DA:11,1
DA:14,1
DA:17,1
DA:20,1
LF:8
LH:8
BRF:0
BRH:0
end_of_record
TN:
SF:src/plugins/vuetify.js
FNF:0
FNH:0
DA:4,0
DA:6,0
LF:2
LH:0
BRF:0
BRH:0
end_of_record
TN:
SF:src/views/Pokedex.vue
FNF:0
FNH:0
DA:49,0
DA:50,0
DA:51,0
DA:52,0
DA:53,0
DA:54,0
DA:55,0
DA:56,0
LF:8
LH:0
BRF:0
BRH:0
end_of_record
